2024-04-23 00:40:59,799 INFO org.springframework.orm.jpa.AbstractEntityManagerFactoryBean [Thread-5] Closing JPA EntityManagerFactory for persistence unit 'default'
2024-04-23 00:40:59,820 INFO com.zaxxer.hikari.HikariDataSource [Thread-5] HikariPool-1 - Shutdown initiated...
2024-04-23 00:40:59,827 INFO com.zaxxer.hikari.HikariDataSource [Thread-5] HikariPool-1 - Shutdown completed.
2024-04-23 00:41:00,040 INFO org.springframework.boot.StartupInfoLogger [restartedMain] Starting BlogAppApisApplication using Java 17.0.7 on GEMGN-220270 with PID 22792 (C:\Users\kaushik.dwivedi\Documents\workspace-spring-tool-suite-4-4.22.0.RELEASE\Backend-Course-Blogging-Application-main\target\classes started by Kaushik.Dwivedi in C:\Users\kaushik.dwivedi\Documents\workspace-spring-tool-suite-4-4.22.0.RELEASE\Backend-Course-Blogging-Application-main)
2024-04-23 00:41:00,041 DEBUG org.springframework.boot.StartupInfoLogger [restartedMain] Running with Spring Boot v2.7.2, Spring v5.3.22
2024-04-23 00:41:00,042 INFO org.springframework.boot.SpringApplication [restartedMain] No active profile set, falling back to 1 default profile: "default"
2024-04-23 00:41:00,503 INFO org.springframework.data.repository.config.RepositoryConfigurationDelegate [restartedMain] Bootstrapping Spring Data JPA repositories in DEFAULT mode.
2024-04-23 00:41:00,558 INFO org.springframework.data.repository.config.RepositoryConfigurationDelegate [restartedMain] Finished Spring Data repository scanning in 54 ms. Found 5 JPA repository interfaces.
2024-04-23 00:41:00,831 INFO org.springframework.boot.web.embedded.tomcat.TomcatWebServer [restartedMain] Tomcat initialized with port(s): 8080 (http)
2024-04-23 00:41:00,832 INFO org.apache.juli.logging.DirectJDKLog [restartedMain] Initializing ProtocolHandler ["http-nio-8080"]
2024-04-23 00:41:00,833 INFO org.apache.juli.logging.DirectJDKLog [restartedMain] Starting service [Tomcat]
2024-04-23 00:41:00,834 INFO org.apache.juli.logging.DirectJDKLog [restartedMain] Starting Servlet engine: [Apache Tomcat/9.0.65]
2024-04-23 00:41:00,867 INFO org.apache.juli.logging.DirectJDKLog [restartedMain] Initializing Spring embedded WebApplicationContext
2024-04-23 00:41:00,868 INFO org.springframework.boot.web.servlet.context.ServletWebServerApplicationContext [restartedMain] Root WebApplicationContext: initialization completed in 819 ms
2024-04-23 00:41:00,994 INFO org.hibernate.jpa.internal.util.LogHelper [restartedMain] HHH000204: Processing PersistenceUnitInfo [name: default]
2024-04-23 00:41:01,009 INFO com.zaxxer.hikari.HikariDataSource [restartedMain] HikariPool-2 - Starting...
2024-04-23 00:41:01,035 INFO com.zaxxer.hikari.HikariDataSource [restartedMain] HikariPool-2 - Start completed.
2024-04-23 00:41:01,037 INFO org.hibernate.dialect.Dialect [restartedMain] HHH000400: Using dialect: org.hibernate.dialect.MySQL8Dialect
2024-04-23 00:41:01,348 INFO org.hibernate.engine.transaction.jta.platform.internal.JtaPlatformInitiator [restartedMain] HHH000490: Using JtaPlatform implementation: [org.hibernate.engine.transaction.jta.platform.internal.NoJtaPlatform]
2024-04-23 00:41:01,349 INFO org.springframework.orm.jpa.AbstractEntityManagerFactoryBean [restartedMain] Initialized JPA EntityManagerFactory for persistence unit 'default'
2024-04-23 00:41:01,472 DEBUG org.springframework.web.filter.GenericFilterBean [restartedMain] Filter 'jwtAuthenticationFilter' configured for use
2024-04-23 00:41:01,655 DEBUG org.springframework.security.access.prepost.PrePostAnnotationSecurityMetadataSource [restartedMain] @org.springframework.security.access.prepost.PreAuthorize("hasRole(\'ADMIN\')") found on specific method: public org.springframework.http.ResponseEntity com.blog.controllers.UserController.deleteUser(java.lang.Integer)
2024-04-23 00:41:01,656 DEBUG org.springframework.security.access.method.DelegatingMethodSecurityMetadataSource [restartedMain] Caching method [CacheKey[com.blog.controllers.UserController; public org.springframework.http.ResponseEntity com.blog.controllers.UserController.deleteUser(java.lang.Integer)]] with attributes [[authorize: 'hasRole('ADMIN')', filter: 'null', filterTarget: 'null']]
2024-04-23 00:41:01,681 INFO org.springframework.security.web.DefaultSecurityFilterChain [restartedMain] Will secure any request with [org.springframework.security.web.session.DisableEncodeUrlFilter@4e8d9926, org.springframework.security.web.context.request.async.WebAsyncManagerIntegrationFilter@4cfec4d2, org.springframework.security.web.context.SecurityContextPersistenceFilter@9c0226f, org.springframework.security.web.header.HeaderWriterFilter@2b208cff, org.springframework.security.web.authentication.logout.LogoutFilter@558014d6, com.blog.security.JwtAuthenticationFilter@226a29b6, org.springframework.security.web.savedrequest.RequestCacheAwareFilter@22282e14, org.springframework.security.web.servletapi.SecurityContextHolderAwareRequestFilter@d4019da, org.springframework.security.web.authentication.AnonymousAuthenticationFilter@3b0b81d9, org.springframework.security.web.session.SessionManagementFilter@7d59c951, org.springframework.security.web.access.ExceptionTranslationFilter@16f7a68d, org.springframework.security.web.access.intercept.AuthorizationFilter@5c5533aa]
2024-04-23 00:41:01,694 WARN org.springframework.boot.autoconfigure.orm.jpa.JpaBaseConfiguration$JpaWebConfiguration [restartedMain] spring.jpa.open-in-view is enabled by default. Therefore, database queries may be performed during view rendering. Explicitly configure spring.jpa.open-in-view to disable this warning
2024-04-23 00:41:01,927 INFO org.springframework.boot.devtools.autoconfigure.OptionalLiveReloadServer [restartedMain] LiveReload server is running on port 35729
2024-04-23 00:41:01,939 INFO org.apache.juli.logging.DirectJDKLog [restartedMain] Starting ProtocolHandler ["http-nio-8080"]
2024-04-23 00:41:01,949 INFO org.springframework.boot.web.embedded.tomcat.TomcatWebServer [restartedMain] Tomcat started on port(s): 8080 (http) with context path ''
2024-04-23 00:41:01,955 INFO org.springframework.boot.StartupInfoLogger [restartedMain] Started BlogAppApisApplication in 1.995 seconds (JVM running for 22861.471)
2024-04-23 00:41:01,975 INFO org.springframework.boot.devtools.autoconfigure.ConditionEvaluationDeltaLoggingListener [restartedMain] Condition evaluation unchanged
2024-04-23 00:41:03,426 INFO org.springframework.orm.jpa.AbstractEntityManagerFactoryBean [Thread-7] Closing JPA EntityManagerFactory for persistence unit 'default'
2024-04-23 00:41:03,427 INFO com.zaxxer.hikari.HikariDataSource [Thread-7] HikariPool-2 - Shutdown initiated...
2024-04-23 00:41:03,436 INFO com.zaxxer.hikari.HikariDataSource [Thread-7] HikariPool-2 - Shutdown completed.
2024-04-23 00:41:03,577 INFO org.springframework.boot.StartupInfoLogger [restartedMain] Starting BlogAppApisApplication using Java 17.0.7 on GEMGN-220270 with PID 22792 (C:\Users\kaushik.dwivedi\Documents\workspace-spring-tool-suite-4-4.22.0.RELEASE\Backend-Course-Blogging-Application-main\target\classes started by Kaushik.Dwivedi in C:\Users\kaushik.dwivedi\Documents\workspace-spring-tool-suite-4-4.22.0.RELEASE\Backend-Course-Blogging-Application-main)
2024-04-23 00:41:03,578 DEBUG org.springframework.boot.StartupInfoLogger [restartedMain] Running with Spring Boot v2.7.2, Spring v5.3.22
2024-04-23 00:41:03,579 INFO org.springframework.boot.SpringApplication [restartedMain] No active profile set, falling back to 1 default profile: "default"
2024-04-23 00:41:04,039 INFO org.springframework.data.repository.config.RepositoryConfigurationDelegate [restartedMain] Bootstrapping Spring Data JPA repositories in DEFAULT mode.
2024-04-23 00:41:04,110 INFO org.springframework.data.repository.config.RepositoryConfigurationDelegate [restartedMain] Finished Spring Data repository scanning in 69 ms. Found 5 JPA repository interfaces.
2024-04-23 00:41:04,268 INFO org.springframework.boot.web.embedded.tomcat.TomcatWebServer [restartedMain] Tomcat initialized with port(s): 8080 (http)
2024-04-23 00:41:04,269 INFO org.apache.juli.logging.DirectJDKLog [restartedMain] Initializing ProtocolHandler ["http-nio-8080"]
2024-04-23 00:41:04,270 INFO org.apache.juli.logging.DirectJDKLog [restartedMain] Starting service [Tomcat]
2024-04-23 00:41:04,270 INFO org.apache.juli.logging.DirectJDKLog [restartedMain] Starting Servlet engine: [Apache Tomcat/9.0.65]
2024-04-23 00:41:04,307 INFO org.apache.juli.logging.DirectJDKLog [restartedMain] Initializing Spring embedded WebApplicationContext
2024-04-23 00:41:04,307 INFO org.springframework.boot.web.servlet.context.ServletWebServerApplicationContext [restartedMain] Root WebApplicationContext: initialization completed in 716 ms
2024-04-23 00:41:04,405 INFO org.hibernate.jpa.internal.util.LogHelper [restartedMain] HHH000204: Processing PersistenceUnitInfo [name: default]
2024-04-23 00:41:04,422 INFO com.zaxxer.hikari.HikariDataSource [restartedMain] HikariPool-3 - Starting...
2024-04-23 00:41:04,453 INFO com.zaxxer.hikari.HikariDataSource [restartedMain] HikariPool-3 - Start completed.
2024-04-23 00:41:04,455 INFO org.hibernate.dialect.Dialect [restartedMain] HHH000400: Using dialect: org.hibernate.dialect.MySQL8Dialect
2024-04-23 00:41:04,667 INFO org.hibernate.engine.transaction.jta.platform.internal.JtaPlatformInitiator [restartedMain] HHH000490: Using JtaPlatform implementation: [org.hibernate.engine.transaction.jta.platform.internal.NoJtaPlatform]
2024-04-23 00:41:04,667 INFO org.springframework.orm.jpa.AbstractEntityManagerFactoryBean [restartedMain] Initialized JPA EntityManagerFactory for persistence unit 'default'
2024-04-23 00:41:04,810 DEBUG org.springframework.web.filter.GenericFilterBean [restartedMain] Filter 'jwtAuthenticationFilter' configured for use
2024-04-23 00:41:04,990 DEBUG org.springframework.security.access.prepost.PrePostAnnotationSecurityMetadataSource [restartedMain] @org.springframework.security.access.prepost.PreAuthorize("hasRole(\'ADMIN\')") found on specific method: public org.springframework.http.ResponseEntity com.blog.controllers.UserController.deleteUser(java.lang.Integer)
2024-04-23 00:41:04,990 DEBUG org.springframework.security.access.method.DelegatingMethodSecurityMetadataSource [restartedMain] Caching method [CacheKey[com.blog.controllers.UserController; public org.springframework.http.ResponseEntity com.blog.controllers.UserController.deleteUser(java.lang.Integer)]] with attributes [[authorize: 'hasRole('ADMIN')', filter: 'null', filterTarget: 'null']]
2024-04-23 00:41:05,018 INFO org.springframework.security.web.DefaultSecurityFilterChain [restartedMain] Will secure any request with [org.springframework.security.web.session.DisableEncodeUrlFilter@72ef41b3, org.springframework.security.web.context.request.async.WebAsyncManagerIntegrationFilter@40b28a76, org.springframework.security.web.context.SecurityContextPersistenceFilter@66bab00a, org.springframework.security.web.header.HeaderWriterFilter@128582e2, org.springframework.security.web.authentication.logout.LogoutFilter@63ba2aa2, com.blog.security.JwtAuthenticationFilter@23d9e91a, org.springframework.security.web.savedrequest.RequestCacheAwareFilter@aaa2f19, org.springframework.security.web.servletapi.SecurityContextHolderAwareRequestFilter@34863e3c, org.springframework.security.web.authentication.AnonymousAuthenticationFilter@60b8e300, org.springframework.security.web.session.SessionManagementFilter@300a8b61, org.springframework.security.web.access.ExceptionTranslationFilter@654137ab, org.springframework.security.web.access.intercept.AuthorizationFilter@3dc1addf]
2024-04-23 00:41:05,031 WARN org.springframework.boot.autoconfigure.orm.jpa.JpaBaseConfiguration$JpaWebConfiguration [restartedMain] spring.jpa.open-in-view is enabled by default. Therefore, database queries may be performed during view rendering. Explicitly configure spring.jpa.open-in-view to disable this warning
2024-04-23 00:41:05,203 INFO org.springframework.boot.devtools.autoconfigure.OptionalLiveReloadServer [restartedMain] LiveReload server is running on port 35729
2024-04-23 00:41:05,213 INFO org.apache.juli.logging.DirectJDKLog [restartedMain] Starting ProtocolHandler ["http-nio-8080"]
2024-04-23 00:41:05,223 INFO org.springframework.boot.web.embedded.tomcat.TomcatWebServer [restartedMain] Tomcat started on port(s): 8080 (http) with context path ''
2024-04-23 00:41:05,229 INFO org.springframework.boot.StartupInfoLogger [restartedMain] Started BlogAppApisApplication in 1.708 seconds (JVM running for 22864.745)
2024-04-23 00:41:05,246 INFO org.springframework.boot.devtools.autoconfigure.ConditionEvaluationDeltaLoggingListener [restartedMain] Condition evaluation unchanged
2024-04-23 00:55:01,697 INFO org.springframework.orm.jpa.AbstractEntityManagerFactoryBean [Thread-11] Closing JPA EntityManagerFactory for persistence unit 'default'
2024-04-23 00:55:01,698 INFO com.zaxxer.hikari.HikariDataSource [Thread-11] HikariPool-3 - Shutdown initiated...
2024-04-23 00:55:01,704 INFO com.zaxxer.hikari.HikariDataSource [Thread-11] HikariPool-3 - Shutdown completed.
2024-04-23 00:55:01,788 INFO org.springframework.boot.StartupInfoLogger [restartedMain] Starting BlogAppApisApplication using Java 17.0.7 on GEMGN-220270 with PID 22792 (C:\Users\kaushik.dwivedi\Documents\workspace-spring-tool-suite-4-4.22.0.RELEASE\Backend-Course-Blogging-Application-main\target\classes started by Kaushik.Dwivedi in C:\Users\kaushik.dwivedi\Documents\workspace-spring-tool-suite-4-4.22.0.RELEASE\Backend-Course-Blogging-Application-main)
2024-04-23 00:55:01,789 DEBUG org.springframework.boot.StartupInfoLogger [restartedMain] Running with Spring Boot v2.7.2, Spring v5.3.22
2024-04-23 00:55:01,789 INFO org.springframework.boot.SpringApplication [restartedMain] No active profile set, falling back to 1 default profile: "default"
2024-04-23 00:55:02,034 INFO org.springframework.data.repository.config.RepositoryConfigurationDelegate [restartedMain] Bootstrapping Spring Data JPA repositories in DEFAULT mode.
2024-04-23 00:55:02,077 INFO org.springframework.data.repository.config.RepositoryConfigurationDelegate [restartedMain] Finished Spring Data repository scanning in 42 ms. Found 5 JPA repository interfaces.
2024-04-23 00:55:02,196 INFO org.springframework.boot.web.embedded.tomcat.TomcatWebServer [restartedMain] Tomcat initialized with port(s): 8080 (http)
2024-04-23 00:55:02,196 INFO org.apache.juli.logging.DirectJDKLog [restartedMain] Initializing ProtocolHandler ["http-nio-8080"]
2024-04-23 00:55:02,196 INFO org.apache.juli.logging.DirectJDKLog [restartedMain] Starting service [Tomcat]
2024-04-23 00:55:02,198 INFO org.apache.juli.logging.DirectJDKLog [restartedMain] Starting Servlet engine: [Apache Tomcat/9.0.65]
2024-04-23 00:55:02,225 INFO org.apache.juli.logging.DirectJDKLog [restartedMain] Initializing Spring embedded WebApplicationContext
2024-04-23 00:55:02,225 INFO org.springframework.boot.web.servlet.context.ServletWebServerApplicationContext [restartedMain] Root WebApplicationContext: initialization completed in 432 ms
2024-04-23 00:55:02,285 INFO org.hibernate.jpa.internal.util.LogHelper [restartedMain] HHH000204: Processing PersistenceUnitInfo [name: default]
2024-04-23 00:55:02,292 INFO com.zaxxer.hikari.HikariDataSource [restartedMain] HikariPool-4 - Starting...
2024-04-23 00:55:02,308 INFO com.zaxxer.hikari.HikariDataSource [restartedMain] HikariPool-4 - Start completed.
2024-04-23 00:55:02,309 INFO org.hibernate.dialect.Dialect [restartedMain] HHH000400: Using dialect: org.hibernate.dialect.MySQL8Dialect
2024-04-23 00:55:02,458 INFO org.hibernate.engine.transaction.jta.platform.internal.JtaPlatformInitiator [restartedMain] HHH000490: Using JtaPlatform implementation: [org.hibernate.engine.transaction.jta.platform.internal.NoJtaPlatform]
2024-04-23 00:55:02,459 INFO org.springframework.orm.jpa.AbstractEntityManagerFactoryBean [restartedMain] Initialized JPA EntityManagerFactory for persistence unit 'default'
2024-04-23 00:55:02,556 DEBUG org.springframework.web.filter.GenericFilterBean [restartedMain] Filter 'jwtAuthenticationFilter' configured for use
2024-04-23 00:55:02,668 DEBUG org.springframework.security.access.prepost.PrePostAnnotationSecurityMetadataSource [restartedMain] @org.springframework.security.access.prepost.PreAuthorize("hasRole(\'ADMIN\')") found on specific method: public org.springframework.http.ResponseEntity com.blog.controllers.UserController.deleteUser(java.lang.Integer)
2024-04-23 00:55:02,669 DEBUG org.springframework.security.access.method.DelegatingMethodSecurityMetadataSource [restartedMain] Caching method [CacheKey[com.blog.controllers.UserController; public org.springframework.http.ResponseEntity com.blog.controllers.UserController.deleteUser(java.lang.Integer)]] with attributes [[authorize: 'hasRole('ADMIN')', filter: 'null', filterTarget: 'null']]
2024-04-23 00:55:02,686 INFO org.springframework.security.web.DefaultSecurityFilterChain [restartedMain] Will secure any request with [org.springframework.security.web.session.DisableEncodeUrlFilter@10c21723, org.springframework.security.web.context.request.async.WebAsyncManagerIntegrationFilter@3fc384bc, org.springframework.security.web.context.SecurityContextPersistenceFilter@6e51f493, org.springframework.security.web.header.HeaderWriterFilter@525191ba, org.springframework.security.web.authentication.logout.LogoutFilter@3053ffb8, com.blog.security.JwtAuthenticationFilter@37dfbb5b, org.springframework.security.web.savedrequest.RequestCacheAwareFilter@789f0803, org.springframework.security.web.servletapi.SecurityContextHolderAwareRequestFilter@261d9aeb, org.springframework.security.web.authentication.AnonymousAuthenticationFilter@6eab14db, org.springframework.security.web.session.SessionManagementFilter@5f551f08, org.springframework.security.web.access.ExceptionTranslationFilter@2b57a1e3, org.springframework.security.web.access.intercept.AuthorizationFilter@7a0c2889]
2024-04-23 00:55:02,694 WARN org.springframework.boot.autoconfigure.orm.jpa.JpaBaseConfiguration$JpaWebConfiguration [restartedMain] spring.jpa.open-in-view is enabled by default. Therefore, database queries may be performed during view rendering. Explicitly configure spring.jpa.open-in-view to disable this warning
2024-04-23 00:55:02,838 INFO org.springframework.boot.devtools.autoconfigure.OptionalLiveReloadServer [restartedMain] LiveReload server is running on port 35729
2024-04-23 00:55:02,846 INFO org.apache.juli.logging.DirectJDKLog [restartedMain] Starting ProtocolHandler ["http-nio-8080"]
2024-04-23 00:55:02,853 INFO org.springframework.boot.web.embedded.tomcat.TomcatWebServer [restartedMain] Tomcat started on port(s): 8080 (http) with context path ''
2024-04-23 00:55:02,857 INFO org.springframework.boot.StartupInfoLogger [restartedMain] Started BlogAppApisApplication in 1.103 seconds (JVM running for 23702.338)
2024-04-23 00:55:02,871 INFO org.springframework.boot.devtools.autoconfigure.ConditionEvaluationDeltaLoggingListener [restartedMain] Condition evaluation unchanged
2024-04-23 00:55:04,318 INFO org.springframework.orm.jpa.AbstractEntityManagerFactoryBean [Thread-15] Closing JPA EntityManagerFactory for persistence unit 'default'
2024-04-23 00:55:04,319 INFO com.zaxxer.hikari.HikariDataSource [Thread-15] HikariPool-4 - Shutdown initiated...
2024-04-23 00:55:04,323 INFO com.zaxxer.hikari.HikariDataSource [Thread-15] HikariPool-4 - Shutdown completed.
2024-04-23 00:55:04,423 INFO org.springframework.boot.StartupInfoLogger [restartedMain] Starting BlogAppApisApplication using Java 17.0.7 on GEMGN-220270 with PID 22792 (C:\Users\kaushik.dwivedi\Documents\workspace-spring-tool-suite-4-4.22.0.RELEASE\Backend-Course-Blogging-Application-main\target\classes started by Kaushik.Dwivedi in C:\Users\kaushik.dwivedi\Documents\workspace-spring-tool-suite-4-4.22.0.RELEASE\Backend-Course-Blogging-Application-main)
2024-04-23 00:55:04,423 DEBUG org.springframework.boot.StartupInfoLogger [restartedMain] Running with Spring Boot v2.7.2, Spring v5.3.22
2024-04-23 00:55:04,424 INFO org.springframework.boot.SpringApplication [restartedMain] No active profile set, falling back to 1 default profile: "default"
2024-04-23 00:55:04,667 INFO org.springframework.data.repository.config.RepositoryConfigurationDelegate [restartedMain] Bootstrapping Spring Data JPA repositories in DEFAULT mode.
2024-04-23 00:55:04,751 INFO org.springframework.data.repository.config.RepositoryConfigurationDelegate [restartedMain] Finished Spring Data repository scanning in 84 ms. Found 5 JPA repository interfaces.
2024-04-23 00:55:04,896 INFO org.springframework.boot.web.embedded.tomcat.TomcatWebServer [restartedMain] Tomcat initialized with port(s): 8080 (http)
2024-04-23 00:55:04,897 INFO org.apache.juli.logging.DirectJDKLog [restartedMain] Initializing ProtocolHandler ["http-nio-8080"]
2024-04-23 00:55:04,898 INFO org.apache.juli.logging.DirectJDKLog [restartedMain] Starting service [Tomcat]
2024-04-23 00:55:04,898 INFO org.apache.juli.logging.DirectJDKLog [restartedMain] Starting Servlet engine: [Apache Tomcat/9.0.65]
2024-04-23 00:55:04,926 INFO org.apache.juli.logging.DirectJDKLog [restartedMain] Initializing Spring embedded WebApplicationContext
2024-04-23 00:55:04,926 INFO org.springframework.boot.web.servlet.context.ServletWebServerApplicationContext [restartedMain] Root WebApplicationContext: initialization completed in 499 ms
2024-04-23 00:55:04,981 INFO org.hibernate.jpa.internal.util.LogHelper [restartedMain] HHH000204: Processing PersistenceUnitInfo [name: default]
2024-04-23 00:55:04,988 INFO com.zaxxer.hikari.HikariDataSource [restartedMain] HikariPool-5 - Starting...
2024-04-23 00:55:05,005 INFO com.zaxxer.hikari.HikariDataSource [restartedMain] HikariPool-5 - Start completed.
2024-04-23 00:55:05,006 INFO org.hibernate.dialect.Dialect [restartedMain] HHH000400: Using dialect: org.hibernate.dialect.MySQL8Dialect
2024-04-23 00:55:05,167 INFO org.hibernate.engine.transaction.jta.platform.internal.JtaPlatformInitiator [restartedMain] HHH000490: Using JtaPlatform implementation: [org.hibernate.engine.transaction.jta.platform.internal.NoJtaPlatform]
2024-04-23 00:55:05,168 INFO org.springframework.orm.jpa.AbstractEntityManagerFactoryBean [restartedMain] Initialized JPA EntityManagerFactory for persistence unit 'default'
2024-04-23 00:55:05,267 DEBUG org.springframework.web.filter.GenericFilterBean [restartedMain] Filter 'jwtAuthenticationFilter' configured for use
2024-04-23 00:55:05,387 DEBUG org.springframework.security.access.prepost.PrePostAnnotationSecurityMetadataSource [restartedMain] @org.springframework.security.access.prepost.PreAuthorize("hasRole(\'ADMIN\')") found on specific method: public org.springframework.http.ResponseEntity com.blog.controllers.UserController.deleteUser(java.lang.Integer)
2024-04-23 00:55:05,387 DEBUG org.springframework.security.access.method.DelegatingMethodSecurityMetadataSource [restartedMain] Caching method [CacheKey[com.blog.controllers.UserController; public org.springframework.http.ResponseEntity com.blog.controllers.UserController.deleteUser(java.lang.Integer)]] with attributes [[authorize: 'hasRole('ADMIN')', filter: 'null', filterTarget: 'null']]
2024-04-23 00:55:05,407 INFO org.springframework.security.web.DefaultSecurityFilterChain [restartedMain] Will secure any request with [org.springframework.security.web.session.DisableEncodeUrlFilter@69db3b4d, org.springframework.security.web.context.request.async.WebAsyncManagerIntegrationFilter@47ef3052, org.springframework.security.web.context.SecurityContextPersistenceFilter@760a0795, org.springframework.security.web.header.HeaderWriterFilter@cb5d221, org.springframework.security.web.authentication.logout.LogoutFilter@70fbdc38, com.blog.security.JwtAuthenticationFilter@7709dcba, org.springframework.security.web.savedrequest.RequestCacheAwareFilter@5d53ab08, org.springframework.security.web.servletapi.SecurityContextHolderAwareRequestFilter@7fd54e59, org.springframework.security.web.authentication.AnonymousAuthenticationFilter@76789c69, org.springframework.security.web.session.SessionManagementFilter@681831f5, org.springframework.security.web.access.ExceptionTranslationFilter@1a76209c, org.springframework.security.web.access.intercept.AuthorizationFilter@65c2150d]
2024-04-23 00:55:05,419 WARN org.springframework.boot.autoconfigure.orm.jpa.JpaBaseConfiguration$JpaWebConfiguration [restartedMain] spring.jpa.open-in-view is enabled by default. Therefore, database queries may be performed during view rendering. Explicitly configure spring.jpa.open-in-view to disable this warning
2024-04-23 00:55:05,565 INFO org.springframework.boot.devtools.autoconfigure.OptionalLiveReloadServer [restartedMain] LiveReload server is running on port 35729
2024-04-23 00:55:05,571 INFO org.apache.juli.logging.DirectJDKLog [restartedMain] Starting ProtocolHandler ["http-nio-8080"]
2024-04-23 00:55:05,580 INFO org.springframework.boot.web.embedded.tomcat.TomcatWebServer [restartedMain] Tomcat started on port(s): 8080 (http) with context path ''
2024-04-23 00:55:05,584 INFO org.springframework.boot.StartupInfoLogger [restartedMain] Started BlogAppApisApplication in 1.2 seconds (JVM running for 23705.065)
2024-04-23 00:55:05,601 INFO org.springframework.boot.devtools.autoconfigure.ConditionEvaluationDeltaLoggingListener [restartedMain] Condition evaluation unchanged
2024-04-23 01:32:01,696 WARN com.zaxxer.hikari.pool.HikariPool$HouseKeeper [HikariPool-5 housekeeper] HikariPool-5 - Thread starvation or clock leap detected (housekeeper delta=4m26s17ms897µs).
2024-04-23 02:19:33,315 WARN com.zaxxer.hikari.pool.HikariPool$HouseKeeper [HikariPool-5 housekeeper] HikariPool-5 - Thread starvation or clock leap detected (housekeeper delta=4m868ms811µs500ns).
2024-04-23 02:20:52,789 WARN com.zaxxer.hikari.pool.HikariPool$HouseKeeper [HikariPool-5 housekeeper] HikariPool-5 - Thread starvation or clock leap detected (housekeeper delta=49s462ms37µs100ns).
2024-04-23 11:58:53,208 WARN com.zaxxer.hikari.pool.HikariPool$HouseKeeper [HikariPool-5 housekeeper] HikariPool-5 - Thread starvation or clock leap detected (housekeeper delta=8h5m28s817ms155µs400ns).
2024-04-23 12:17:36,800 INFO org.springframework.orm.jpa.AbstractEntityManagerFactoryBean [SpringApplicationShutdownHook] Closing JPA EntityManagerFactory for persistence unit 'default'
2024-04-23 12:17:36,811 INFO com.zaxxer.hikari.HikariDataSource [SpringApplicationShutdownHook] HikariPool-5 - Shutdown initiated...
2024-04-23 12:17:36,818 INFO com.zaxxer.hikari.HikariDataSource [SpringApplicationShutdownHook] HikariPool-5 - Shutdown completed.
2024-04-23 12:17:47,463 INFO org.hibernate.validator.internal.util.Version [background-preinit] HV000001: Hibernate Validator 6.2.3.Final
2024-04-23 12:17:47,465 INFO org.springframework.boot.StartupInfoLogger [restartedMain] Starting BlogAppApisApplication using Java 17.0.7 on GEMGN-220270 with PID 12816 (C:\Users\kaushik.dwivedi\Documents\workspace-spring-tool-suite-4-4.22.0.RELEASE\Backend-Course-Blogging-Application-main\target\classes started by Kaushik.Dwivedi in C:\Users\kaushik.dwivedi\Documents\workspace-spring-tool-suite-4-4.22.0.RELEASE\Backend-Course-Blogging-Application-main)
2024-04-23 12:17:47,466 DEBUG org.springframework.boot.StartupInfoLogger [restartedMain] Running with Spring Boot v2.7.2, Spring v5.3.22
2024-04-23 12:17:47,467 INFO org.springframework.boot.SpringApplication [restartedMain] No active profile set, falling back to 1 default profile: "default"
2024-04-23 12:17:47,632 INFO org.springframework.boot.logging.DeferredLog [restartedMain] Devtools property defaults active! Set 'spring.devtools.add-properties' to 'false' to disable
2024-04-23 12:17:47,633 INFO org.springframework.boot.logging.DeferredLog [restartedMain] For additional web related logging consider setting the 'logging.level.web' property to 'DEBUG'
2024-04-23 12:17:49,513 INFO org.springframework.data.repository.config.RepositoryConfigurationDelegate [restartedMain] Bootstrapping Spring Data JPA repositories in DEFAULT mode.
2024-04-23 12:17:49,739 INFO org.springframework.data.repository.config.RepositoryConfigurationDelegate [restartedMain] Finished Spring Data repository scanning in 205 ms. Found 5 JPA repository interfaces.
2024-04-23 12:17:51,491 INFO org.springframework.boot.web.embedded.tomcat.TomcatWebServer [restartedMain] Tomcat initialized with port(s): 8080 (http)
2024-04-23 12:17:51,515 INFO org.apache.juli.logging.DirectJDKLog [restartedMain] Initializing ProtocolHandler ["http-nio-8080"]
2024-04-23 12:17:51,516 INFO org.apache.juli.logging.DirectJDKLog [restartedMain] Starting service [Tomcat]
2024-04-23 12:17:51,517 INFO org.apache.juli.logging.DirectJDKLog [restartedMain] Starting Servlet engine: [Apache Tomcat/9.0.65]
2024-04-23 12:17:51,650 INFO org.apache.juli.logging.DirectJDKLog [restartedMain] Initializing Spring embedded WebApplicationContext
2024-04-23 12:17:51,650 INFO org.springframework.boot.web.servlet.context.ServletWebServerApplicationContext [restartedMain] Root WebApplicationContext: initialization completed in 4007 ms
2024-04-23 12:17:52,013 INFO org.hibernate.jpa.internal.util.LogHelper [restartedMain] HHH000204: Processing PersistenceUnitInfo [name: default]
2024-04-23 12:17:52,114 INFO org.hibernate.Version [restartedMain] HHH000412: Hibernate ORM core version 5.6.10.Final
2024-04-23 12:17:52,361 INFO org.hibernate.annotations.common.reflection.java.JavaReflectionManager [restartedMain] HCANN000001: Hibernate Commons Annotations {5.1.2.Final}
2024-04-23 12:17:52,558 INFO com.zaxxer.hikari.HikariDataSource [restartedMain] HikariPool-1 - Starting...
2024-04-23 12:17:53,082 INFO com.zaxxer.hikari.HikariDataSource [restartedMain] HikariPool-1 - Start completed.
2024-04-23 12:17:53,122 INFO org.hibernate.dialect.Dialect [restartedMain] HHH000400: Using dialect: org.hibernate.dialect.MySQL8Dialect
2024-04-23 12:17:54,606 INFO org.hibernate.engine.transaction.jta.platform.internal.JtaPlatformInitiator [restartedMain] HHH000490: Using JtaPlatform implementation: [org.hibernate.engine.transaction.jta.platform.internal.NoJtaPlatform]
2024-04-23 12:17:54,618 INFO org.springframework.orm.jpa.AbstractEntityManagerFactoryBean [restartedMain] Initialized JPA EntityManagerFactory for persistence unit 'default'
2024-04-23 12:17:55,297 DEBUG org.springframework.web.filter.GenericFilterBean [restartedMain] Filter 'jwtAuthenticationFilter' configured for use
2024-04-23 12:17:56,166 DEBUG org.springframework.security.access.prepost.PrePostAnnotationSecurityMetadataSource [restartedMain] @org.springframework.security.access.prepost.PreAuthorize("hasRole(\'ADMIN\')") found on specific method: public org.springframework.http.ResponseEntity com.blog.controllers.UserController.deleteUser(java.lang.Integer)
2024-04-23 12:17:56,203 DEBUG org.springframework.security.access.method.DelegatingMethodSecurityMetadataSource [restartedMain] Caching method [CacheKey[com.blog.controllers.UserController; public org.springframework.http.ResponseEntity com.blog.controllers.UserController.deleteUser(java.lang.Integer)]] with attributes [[authorize: 'hasRole('ADMIN')', filter: 'null', filterTarget: 'null']]
2024-04-23 12:17:56,418 INFO org.springframework.security.web.DefaultSecurityFilterChain [restartedMain] Will secure any request with [org.springframework.security.web.session.DisableEncodeUrlFilter@3180386c, org.springframework.security.web.context.request.async.WebAsyncManagerIntegrationFilter@26bbee84, org.springframework.security.web.context.SecurityContextPersistenceFilter@2eff745a, org.springframework.security.web.header.HeaderWriterFilter@71269049, org.springframework.security.web.authentication.logout.LogoutFilter@aa601ac, com.blog.security.JwtAuthenticationFilter@2e568d66, org.springframework.security.web.savedrequest.RequestCacheAwareFilter@636aac9e, org.springframework.security.web.servletapi.SecurityContextHolderAwareRequestFilter@7d1bb7d8, org.springframework.security.web.authentication.AnonymousAuthenticationFilter@8deb714, org.springframework.security.web.session.SessionManagementFilter@78571ed8, org.springframework.security.web.access.ExceptionTranslationFilter@72ee895b, org.springframework.security.web.access.intercept.AuthorizationFilter@7d4d4c34]
2024-04-23 12:17:56,477 WARN org.springframework.boot.autoconfigure.orm.jpa.JpaBaseConfiguration$JpaWebConfiguration [restartedMain] spring.jpa.open-in-view is enabled by default. Therefore, database queries may be performed during view rendering. Explicitly configure spring.jpa.open-in-view to disable this warning
2024-04-23 12:17:57,672 INFO org.springframework.boot.devtools.autoconfigure.OptionalLiveReloadServer [restartedMain] LiveReload server is running on port 35729
2024-04-23 12:17:57,716 INFO org.apache.juli.logging.DirectJDKLog [restartedMain] Starting ProtocolHandler ["http-nio-8080"]
2024-04-23 12:17:57,782 INFO org.springframework.boot.web.embedded.tomcat.TomcatWebServer [restartedMain] Tomcat started on port(s): 8080 (http) with context path ''
2024-04-23 12:17:57,803 INFO org.springframework.boot.StartupInfoLogger [restartedMain] Started BlogAppApisApplication in 11.134 seconds (JVM running for 12.091)
2024-04-23 12:18:17,240 INFO org.apache.juli.logging.DirectJDKLog [http-nio-8080-exec-2] Initializing Spring DispatcherServlet 'dispatcherServlet'
2024-04-23 12:18:17,241 INFO org.springframework.web.servlet.FrameworkServlet [http-nio-8080-exec-2] Initializing Servlet 'dispatcherServlet'
2024-04-23 12:18:17,242 INFO org.springframework.web.servlet.FrameworkServlet [http-nio-8080-exec-2] Completed initialization in 1 ms
2024-04-23 12:18:17,256 DEBUG org.springframework.security.web.FilterChainProxy [http-nio-8080-exec-2] Securing GET /api/v1/users/
2024-04-23 12:18:17,261 DEBUG org.springframework.security.web.context.SecurityContextPersistenceFilter [http-nio-8080-exec-2] Set SecurityContextHolder to empty SecurityContext
2024-04-23 12:18:17,357 DEBUG org.springframework.security.web.authentication.AnonymousAuthenticationFilter [http-nio-8080-exec-2] Set SecurityContextHolder to anonymous SecurityContext
2024-04-23 12:18:17,359 DEBUG org.springframework.security.web.FilterChainProxy$VirtualFilterChain [http-nio-8080-exec-2] Secured GET /api/v1/users/
2024-04-23 12:18:17,403 INFO com.blog.controllers.UserController [http-nio-8080-exec-2] Fetching all users
2024-04-23 12:18:17,404 INFO com.blog.services.impl.UserServiceImpl [http-nio-8080-exec-2] Retrieving all users
2024-04-23 12:18:17,658 DEBUG org.springframework.security.web.context.SecurityContextPersistenceFilter [http-nio-8080-exec-2] Cleared SecurityContextHolder to complete request
2024-04-23 13:35:24,827 INFO org.springframework.orm.jpa.AbstractEntityManagerFactoryBean [SpringApplicationShutdownHook] Closing JPA EntityManagerFactory for persistence unit 'default'
2024-04-23 13:35:24,834 INFO com.zaxxer.hikari.HikariDataSource [SpringApplicationShutdownHook] HikariPool-1 - Shutdown initiated...
2024-04-23 13:35:24,846 INFO com.zaxxer.hikari.HikariDataSource [SpringApplicationShutdownHook] HikariPool-1 - Shutdown completed.
